Using pre-set license
Built from '2020.3/release' branch; Version is '2020.3.1f1 (77a89f25062f) revision 7841951'; Using compiler version '192528614'; Build Type 'Release'
OS: 'Windows 10 Home Single Language; OS build 19041.867; Version 2004; 64bit' Language: 'en' Physical Memory: 8072 MB
BatchMode: 1, IsHumanControllingUs: 0, StartBugReporterOnCrash: 0, Is64bit: 1, IsPro: 0

 COMMAND LINE ARGUMENTS:
C:\Program Files\Unity\Hub\Editor\2020.3.1f1\Editor\Unity.exe
-adb2
-batchMode
-noUpm
-name
AssetImportWorker0
-projectPath
C:/Users/priya/Tester
-logFile
Logs/AssetImportWorker0.log
-srvPort
53900
Successfully changed project path to: C:/Users/priya/Tester
C:/Users/priya/Tester
Using Asset Import Pipeline V2.
Refreshing native plugins compatible for Editor in 21.50 ms, found 0 plugins.
Preloading 0 native plugins for Editor in 0.00 ms.
Initialize engine version: 2020.3.1f1 (77a89f25062f)
[Subsystems] Discovering subsystems at path C:/Program Files/Unity/Hub/Editor/2020.3.1f1/Editor/Data/Resources/UnitySubsystems
[Subsystems] Discovering subsystems at path C:/Users/priya/Tester/Assets
GfxDevice: creating device client; threaded=0
Direct3D:
    Version:  Direct3D 11.0 [level 11.1]
    Renderer: NVIDIA GeForce GTX 1650 (ID=0x1f91)
    Vendor:   
    VRAM:     3962 MB
    Driver:   27.21.14.5167
Initialize mono
Mono path[0] = 'C:/Program Files/Unity/Hub/Editor/2020.3.1f1/Editor/Data/Managed'
Mono path[1] = 'C:/Program Files/Unity/Hub/Editor/2020.3.1f1/Editor/Data/MonoBleedingEdge/lib/mono/unityjit'
Mono config path = 'C:/Program Files/Unity/Hub/Editor/2020.3.1f1/Editor/Data/MonoBleedingEdge/etc'
Using monoOptions --debugger-agent=transport=dt_socket,embedding=1,server=y,suspend=n,address=127.0.0.1:56000
Begin MonoManager ReloadAssembly
Registering precompiled unity dll's ...
Register platform support module: C:/Program Files/Unity/Hub/Editor/2020.3.1f1/Editor/Data/PlaybackEngines/WebGLSupport/UnityEditor.WebGL.Extensions.dll
Register platform support module: C:/Program Files/Unity/Hub/Editor/2020.3.1f1/Editor/Data/PlaybackEngines/WindowsStandaloneSupport/UnityEditor.WindowsStandalone.Extensions.dll
Registered in 0.002298 seconds.
Native extension for WindowsStandalone target not found
Native extension for WebGL target not found
Refreshing native plugins compatible for Editor in 21.64 ms, found 0 plugins.
Preloading 0 native plugins for Editor in 0.00 ms.
Invoked RoslynAnalysisRunner static constructor.
RoslynAnalysisRunner will not be running.
RoslynAnalysisRunner has terminated.
Mono: successfully reloaded assembly
- Completed reload, in  1.079 seconds
Platform modules already initialized, skipping
Registering precompiled user dll's ...
Registered in 0.000657 seconds.
Begin MonoManager ReloadAssembly
Native extension for WindowsStandalone target not found
Native extension for WebGL target not found
Refreshing native plugins compatible for Editor in 0.26 ms, found 0 plugins.
Preloading 0 native plugins for Editor in 0.00 ms.
Invoked RoslynAnalysisRunner static constructor.
RoslynAnalysisRunner will not be running.
RoslynAnalysisRunner has terminated.
Mono: successfully reloaded assembly
- Completed reload, in  0.753 seconds
Platform modules already initialized, skipping
========================================================================
Worker process is ready to serve import requests
Launched and connected shader compiler UnityShaderCompiler.exe after 0.04 seconds
Refreshing native plugins compatible for Editor in 0.20 ms, found 0 plugins.
Preloading 0 native plugins for Editor in 0.00 ms.
Unloading 1120 Unused Serialized files (Serialized files now loaded: 0)
System memory in use before: 57.3 MB.
System memory in use after: 57.3 MB.

Unloading 10 unused Assets to reduce memory usage. Loaded Objects now: 1563.
Total: 1.641200 ms (FindLiveObjects: 0.147300 ms CreateObjectMapping: 0.038900 ms MarkObjects: 1.380700 ms  DeleteObjects: 0.073400 ms)

========================================================================
Received Import Request.
  path: Assets/Level01 2.unity
  artifactKey: Guid(e9529cc1bf66b254da40f8eb099bd662) Importer(815301076,1909f56bfc062723c751e8b465ee728b)
Start importing Assets/Level01 2.unity using Guid(e9529cc1bf66b254da40f8eb099bd662) Importer(815301076,1909f56bfc062723c751e8b465ee728b)  -> (artifact id: '7c4c0ded8cbe98e265ab1b1bcc30e6a5') in 0.016499 seconds
  Import took 0.018226 seconds .

========================================================================
Received Import Request.
  Time since last request: 2.921224 seconds.
  path: Assets/Level01 1.unity
  artifactKey: Guid(fd45a040c89665442ad1e842a1705fcb) Importer(815301076,1909f56bfc062723c751e8b465ee728b)
Start importing Assets/Level01 1.unity using Guid(fd45a040c89665442ad1e842a1705fcb) Importer(815301076,1909f56bfc062723c751e8b465ee728b)  -> (artifact id: '37b0792080d5ae66be957934b428155f') in 0.003333 seconds
  Import took 0.005914 seconds .

========================================================================
Received Import Request.
  Time since last request: 5.341683 seconds.
  path: Assets/Level02.unity
  artifactKey: Guid(fd45a040c89665442ad1e842a1705fcb) Importer(815301076,1909f56bfc062723c751e8b465ee728b)
Start importing Assets/Level02.unity using Guid(fd45a040c89665442ad1e842a1705fcb) Importer(815301076,1909f56bfc062723c751e8b465ee728b)  -> (artifact id: 'd1620528d6db238a9585bc5fa93c8a54') in 0.003149 seconds
  Import took 0.004947 seconds .

========================================================================
Received Import Request.
  Time since last request: 5.645854 seconds.
  path: Assets/Level03.unity
  artifactKey: Guid(e9529cc1bf66b254da40f8eb099bd662) Importer(815301076,1909f56bfc062723c751e8b465ee728b)
Start importing Assets/Level03.unity using Guid(e9529cc1bf66b254da40f8eb099bd662) Importer(815301076,1909f56bfc062723c751e8b465ee728b)  -> (artifact id: 'd5273eab42245c77b67cedc9405a5153') in 0.008401 seconds
  Import took 0.010192 seconds .

========================================================================
Received Import Request.
  Time since last request: 36.811479 seconds.
  path: Assets/Level01.unity
  artifactKey: Guid(c48eb1dbbb35d394e8364b19a9c2d84c) Importer(815301076,1909f56bfc062723c751e8b465ee728b)
Start importing Assets/Level01.unity using Guid(c48eb1dbbb35d394e8364b19a9c2d84c) Importer(815301076,1909f56bfc062723c751e8b465ee728b)  -> (artifact id: '0dc25ebc9b43a46d7045e3f8cc3e145e') in 0.004646 seconds
  Import took 0.006661 seconds .

========================================================================
Received Prepare
Registering precompiled user dll's ...
Registered in 0.000677 seconds.
Begin MonoManager ReloadAssembly
Native extension for WindowsStandalone target not found
Native extension for WebGL target not found
Refreshing native plugins compatible for Editor in 0.19 ms, found 0 plugins.
Preloading 0 native plugins for Editor in 0.00 ms.
Invoked RoslynAnalysisRunner static constructor.
RoslynAnalysisRunner will not be running.
RoslynAnalysisRunner has terminated.
Mono: successfully reloaded assembly
- Completed reload, in  0.700 seconds
Platform modules already initialized, skipping
Refreshing native plugins compatible for Editor in 0.19 ms, found 0 plugins.
Preloading 0 native plugins for Editor in 0.00 ms.
Unloading 1115 Unused Serialized files (Serialized files now loaded: 0)
System memory in use before: 57.3 MB.
System memory in use after: 57.3 MB.

Unloading 5 unused Assets to reduce memory usage. Loaded Objects now: 1566.
Total: 1.712900 ms (FindLiveObjects: 0.126800 ms CreateObjectMapping: 0.040100 ms MarkObjects: 1.487300 ms  DeleteObjects: 0.057400 ms)

========================================================================
Received Import Request.
  Time since last request: 378.198655 seconds.
  path: Assets/Level02.unity
  artifactKey: Guid(fd45a040c89665442ad1e842a1705fcb) Importer(815301076,1909f56bfc062723c751e8b465ee728b)
Start importing Assets/Level02.unity using Guid(fd45a040c89665442ad1e842a1705fcb) Importer(815301076,1909f56bfc062723c751e8b465ee728b)  -> (artifact id: '29271128bceeeffbd7d2dfd45b1cdb87') in 0.010326 seconds
  Import took 0.029232 seconds .

========================================================================
Received Import Request.
  Time since last request: 24.184493 seconds.
  path: Assets/Level02 1.unity
  artifactKey: Guid(c05160dc590db0d40b767e64aa1fae17) Importer(815301076,1909f56bfc062723c751e8b465ee728b)
Start importing Assets/Level02 1.unity using Guid(c05160dc590db0d40b767e64aa1fae17) Importer(815301076,1909f56bfc062723c751e8b465ee728b)  -> (artifact id: 'fe46374389357f4429fdfc35218f4dba') in 0.008424 seconds
  Import took 0.011236 seconds .

========================================================================
Received Import Request.
  Time since last request: 0.001046 seconds.
  path: Assets/Level02 1.unity
  artifactKey: Guid(c05160dc590db0d40b767e64aa1fae17) Importer(815301076,1909f56bfc062723c751e8b465ee728b)
Start importing Assets/Level02 1.unity using Guid(c05160dc590db0d40b767e64aa1fae17) Importer(815301076,1909f56bfc062723c751e8b465ee728b)  -> (artifact id: 'fe46374389357f4429fdfc35218f4dba') in 0.004273 seconds
  Import took 0.007294 seconds .

========================================================================
Received Import Request.
  Time since last request: 6.204181 seconds.
  path: Assets/Level03.unity
  artifactKey: Guid(c05160dc590db0d40b767e64aa1fae17) Importer(815301076,1909f56bfc062723c751e8b465ee728b)
Start importing Assets/Level03.unity using Guid(c05160dc590db0d40b767e64aa1fae17) Importer(815301076,1909f56bfc062723c751e8b465ee728b)  -> (artifact id: '4ee0b1568f36fd7f50dc2035cf846f7a') in 0.003199 seconds
  Import took 0.005074 seconds .

========================================================================
Received Prepare
Registering precompiled user dll's ...
Registered in 0.000618 seconds.
Begin MonoManager ReloadAssembly
Native extension for WindowsStandalone target not found
Native extension for WebGL target not found
Refreshing native plugins compatible for Editor in 0.23 ms, found 0 plugins.
Preloading 0 native plugins for Editor in 0.00 ms.
Invoked RoslynAnalysisRunner static constructor.
RoslynAnalysisRunner will not be running.
RoslynAnalysisRunner has terminated.
Mono: successfully reloaded assembly
- Completed reload, in  0.692 seconds
Platform modules already initialized, skipping
Refreshing native plugins compatible for Editor in 0.20 ms, found 0 plugins.
Preloading 0 native plugins for Editor in 0.00 ms.
Unloading 1115 Unused Serialized files (Serialized files now loaded: 0)
System memory in use before: 57.3 MB.
System memory in use after: 57.4 MB.

Unloading 5 unused Assets to reduce memory usage. Loaded Objects now: 1569.
Total: 1.814700 ms (FindLiveObjects: 0.214300 ms CreateObjectMapping: 0.063400 ms MarkObjects: 1.480000 ms  DeleteObjects: 0.056000 ms)

========================================================================
Received Prepare
Registering precompiled user dll's ...
Registered in 0.000584 seconds.
Begin MonoManager ReloadAssembly
Native extension for WindowsStandalone target not found
Native extension for WebGL target not found
Refreshing native plugins compatible for Editor in 0.24 ms, found 0 plugins.
Preloading 0 native plugins for Editor in 0.00 ms.
Invoked RoslynAnalysisRunner static constructor.
RoslynAnalysisRunner will not be running.
RoslynAnalysisRunner has terminated.
Mono: successfully reloaded assembly
- Completed reload, in  0.700 seconds
Platform modules already initialized, skipping
Refreshing native plugins compatible for Editor in 0.21 ms, found 0 plugins.
Preloading 0 native plugins for Editor in 0.00 ms.
Unloading 1115 Unused Serialized files (Serialized files now loaded: 0)
System memory in use before: 57.3 MB.
System memory in use after: 57.4 MB.

Unloading 5 unused Assets to reduce memory usage. Loaded Objects now: 1572.
Total: 2.123700 ms (FindLiveObjects: 0.384900 ms CreateObjectMapping: 0.094000 ms MarkObjects: 1.583600 ms  DeleteObjects: 0.059400 ms)

========================================================================
Received Import Request.
  Time since last request: 930.427542 seconds.
  path: Assets/Level02.unity
  artifactKey: Guid(fd45a040c89665442ad1e842a1705fcb) Importer(815301076,1909f56bfc062723c751e8b465ee728b)
Start importing Assets/Level02.unity using Guid(fd45a040c89665442ad1e842a1705fcb) Importer(815301076,1909f56bfc062723c751e8b465ee728b)  -> (artifact id: 'c6da0f80b91d64062540f9e3c429db98') in 0.011558 seconds
  Import took 0.014228 seconds .

========================================================================
Received Import Request.
  Time since last request: 38.772194 seconds.
  path: Assets/Level023.unity
  artifactKey: Guid(fd45a040c89665442ad1e842a1705fcb) Importer(815301076,1909f56bfc062723c751e8b465ee728b)
Start importing Assets/Level023.unity using Guid(fd45a040c89665442ad1e842a1705fcb) Importer(815301076,1909f56bfc062723c751e8b465ee728b)  -> (artifact id: '02f61c65080ed04afc8e7c6caa7c756e') in 0.008193 seconds
  Import took 0.010346 seconds .

========================================================================
Received Import Request.
  Time since last request: 6.034995 seconds.
  path: Assets/Level02.unity
  artifactKey: Guid(c05160dc590db0d40b767e64aa1fae17) Importer(815301076,1909f56bfc062723c751e8b465ee728b)
Start importing Assets/Level02.unity using Guid(c05160dc590db0d40b767e64aa1fae17) Importer(815301076,1909f56bfc062723c751e8b465ee728b)  -> (artifact id: 'b283fc1a2dc5be4db515c586f1a3980c') in 0.005040 seconds
  Import took 0.007042 seconds .

========================================================================
Received Import Request.
  Time since last request: 7.041956 seconds.
  path: Assets/Level03.unity
  artifactKey: Guid(fd45a040c89665442ad1e842a1705fcb) Importer(815301076,1909f56bfc062723c751e8b465ee728b)
Start importing Assets/Level03.unity using Guid(fd45a040c89665442ad1e842a1705fcb) Importer(815301076,1909f56bfc062723c751e8b465ee728b)  -> (artifact id: '6efc3a8c5f59fcd71721d200796e1636') in 0.003426 seconds
  Import took 0.024824 seconds .

========================================================================
Received Prepare
Registering precompiled user dll's ...
Registered in 0.000791 seconds.
Begin MonoManager ReloadAssembly
Native extension for WindowsStandalone target not found
Native extension for WebGL target not found
Refreshing native plugins compatible for Editor in 0.19 ms, found 0 plugins.
Preloading 0 native plugins for Editor in 0.00 ms.
Invoked RoslynAnalysisRunner static constructor.
RoslynAnalysisRunner will not be running.
RoslynAnalysisRunner has terminated.
Mono: successfully reloaded assembly
- Completed reload, in  0.683 seconds
Platform modules already initialized, skipping
Refreshing native plugins compatible for Editor in 0.19 ms, found 0 plugins.
Preloading 0 native plugins for Editor in 0.00 ms.
Unloading 1115 Unused Serialized files (Serialized files now loaded: 0)
System memory in use before: 57.3 MB.
System memory in use after: 57.4 MB.

Unloading 5 unused Assets to reduce memory usage. Loaded Objects now: 1575.
Total: 1.661600 ms (FindLiveObjects: 0.141500 ms CreateObjectMapping: 0.040900 ms MarkObjects: 1.429100 ms  DeleteObjects: 0.049100 ms)

========================================================================
Received Prepare
Registering precompiled user dll's ...
Registered in 0.000820 seconds.
Begin MonoManager ReloadAssembly
Native extension for WindowsStandalone target not found
Native extension for WebGL target not found
Refreshing native plugins compatible for Editor in 0.24 ms, found 0 plugins.
Preloading 0 native plugins for Editor in 0.00 ms.
Invoked RoslynAnalysisRunner static constructor.
RoslynAnalysisRunner will not be running.
RoslynAnalysisRunner has terminated.
Mono: successfully reloaded assembly
- Completed reload, in  0.698 seconds
Platform modules already initialized, skipping
Refreshing native plugins compatible for Editor in 0.19 ms, found 0 plugins.
Preloading 0 native plugins for Editor in 0.00 ms.
Unloading 1115 Unused Serialized files (Serialized files now loaded: 0)
System memory in use before: 57.4 MB.
System memory in use after: 57.4 MB.

Unloading 5 unused Assets to reduce memory usage. Loaded Objects now: 1578.
Total: 2.546100 ms (FindLiveObjects: 0.234400 ms CreateObjectMapping: 0.073200 ms MarkObjects: 2.183500 ms  DeleteObjects: 0.053600 ms)

========================================================================
Received Import Request.
  Time since last request: 666.193434 seconds.
  path: Assets/Level03.unity
  artifactKey: Guid(fd45a040c89665442ad1e842a1705fcb) Importer(815301076,1909f56bfc062723c751e8b465ee728b)
Start importing Assets/Level03.unity using Guid(fd45a040c89665442ad1e842a1705fcb) Importer(815301076,1909f56bfc062723c751e8b465ee728b)  -> (artifact id: 'e399f7ad04408a207538dc6c4065eb79') in 0.009918 seconds
  Import took 0.012051 seconds .

========================================================================
Received Import Request.
  Time since last request: 0.003280 seconds.
  path: Assets/Level03.unity
  artifactKey: Guid(fd45a040c89665442ad1e842a1705fcb) Importer(815301076,1909f56bfc062723c751e8b465ee728b)
Start importing Assets/Level03.unity using Guid(fd45a040c89665442ad1e842a1705fcb) Importer(815301076,1909f56bfc062723c751e8b465ee728b)  -> (artifact id: 'e399f7ad04408a207538dc6c4065eb79') in 0.002475 seconds
  Import took 0.005126 seconds .

========================================================================
Received Prepare
Registering precompiled user dll's ...
Registered in 0.000918 seconds.
Begin MonoManager ReloadAssembly
Native extension for WindowsStandalone target not found
Native extension for WebGL target not found
Refreshing native plugins compatible for Editor in 0.19 ms, found 0 plugins.
Preloading 0 native plugins for Editor in 0.00 ms.
Invoked RoslynAnalysisRunner static constructor.
RoslynAnalysisRunner will not be running.
RoslynAnalysisRunner has terminated.
Mono: successfully reloaded assembly
- Completed reload, in  0.666 seconds
Platform modules already initialized, skipping
Refreshing native plugins compatible for Editor in 0.20 ms, found 0 plugins.
Preloading 0 native plugins for Editor in 0.00 ms.
Unloading 1115 Unused Serialized files (Serialized files now loaded: 0)
System memory in use before: 57.4 MB.
System memory in use after: 57.4 MB.

Unloading 5 unused Assets to reduce memory usage. Loaded Objects now: 1581.
Total: 1.562200 ms (FindLiveObjects: 0.158800 ms CreateObjectMapping: 0.049800 ms MarkObjects: 1.294400 ms  DeleteObjects: 0.057500 ms)

========================================================================
Received Prepare
Registering precompiled user dll's ...
Registered in 0.000662 seconds.
Begin MonoManager ReloadAssembly
Native extension for WindowsStandalone target not found
Native extension for WebGL target not found
Refreshing native plugins compatible for Editor in 0.20 ms, found 0 plugins.
Preloading 0 native plugins for Editor in 0.00 ms.
Invoked RoslynAnalysisRunner static constructor.
RoslynAnalysisRunner will not be running.
RoslynAnalysisRunner has terminated.
Mono: successfully reloaded assembly
- Completed reload, in  0.679 seconds
Platform modules already initialized, skipping
Refreshing native plugins compatible for Editor in 0.21 ms, found 0 plugins.
Preloading 0 native plugins for Editor in 0.00 ms.
Unloading 1115 Unused Serialized files (Serialized files now loaded: 0)
System memory in use before: 57.4 MB.
System memory in use after: 57.4 MB.

Unloading 5 unused Assets to reduce memory usage. Loaded Objects now: 1584.
Total: 1.853800 ms (FindLiveObjects: 0.188800 ms CreateObjectMapping: 0.054800 ms MarkObjects: 1.553100 ms  DeleteObjects: 0.056000 ms)

========================================================================
Received Prepare
Registering precompiled user dll's ...
Registered in 0.000588 seconds.
Begin MonoManager ReloadAssembly
Native extension for WindowsStandalone target not found
Native extension for WebGL target not found
Refreshing native plugins compatible for Editor in 0.19 ms, found 0 plugins.
Preloading 0 native plugins for Editor in 0.00 ms.
Invoked RoslynAnalysisRunner static constructor.
RoslynAnalysisRunner will not be running.
RoslynAnalysisRunner has terminated.
Mono: successfully reloaded assembly
- Completed reload, in  0.674 seconds
Platform modules already initialized, skipping
Refreshing native plugins compatible for Editor in 0.21 ms, found 0 plugins.
Preloading 0 native plugins for Editor in 0.00 ms.
Unloading 1115 Unused Serialized files (Serialized files now loaded: 0)
System memory in use before: 57.4 MB.
System memory in use after: 57.5 MB.

Unloading 5 unused Assets to reduce memory usage. Loaded Objects now: 1587.
Total: 1.536900 ms (FindLiveObjects: 0.132200 ms CreateObjectMapping: 0.032500 ms MarkObjects: 1.324400 ms  DeleteObjects: 0.046900 ms)

========================================================================
Received Import Request.
  Time since last request: 492.121837 seconds.
  path: Assets/Level03 1.unity
  artifactKey: Guid(8b4b03d2b326aad45b8e306f20313349) Importer(815301076,1909f56bfc062723c751e8b465ee728b)
Start importing Assets/Level03 1.unity using Guid(8b4b03d2b326aad45b8e306f20313349) Importer(815301076,1909f56bfc062723c751e8b465ee728b)  -> (artifact id: 'c256e162f679eed9512c674498c6d58a') in 0.013247 seconds
  Import took 0.014972 seconds .

========================================================================
Received Import Request.
  Time since last request: 12.501028 seconds.
  path: Assets/Level04.unity
  artifactKey: Guid(8b4b03d2b326aad45b8e306f20313349) Importer(815301076,1909f56bfc062723c751e8b465ee728b)
Start importing Assets/Level04.unity using Guid(8b4b03d2b326aad45b8e306f20313349) Importer(815301076,1909f56bfc062723c751e8b465ee728b)  -> (artifact id: '6bd796fabe232f75fefed98251a6847f') in 0.008954 seconds
  Import took 0.010894 seconds .

========================================================================
Received Prepare
Registering precompiled user dll's ...
Registered in 0.000713 seconds.
Begin MonoManager ReloadAssembly
Native extension for WindowsStandalone target not found
Native extension for WebGL target not found
Refreshing native plugins compatible for Editor in 0.19 ms, found 0 plugins.
Preloading 0 native plugins for Editor in 0.00 ms.
Invoked RoslynAnalysisRunner static constructor.
RoslynAnalysisRunner will not be running.
RoslynAnalysisRunner has terminated.
Mono: successfully reloaded assembly
- Completed reload, in  0.675 seconds
Platform modules already initialized, skipping
Refreshing native plugins compatible for Editor in 0.19 ms, found 0 plugins.
Preloading 0 native plugins for Editor in 0.00 ms.
Unloading 1115 Unused Serialized files (Serialized files now loaded: 0)
System memory in use before: 57.4 MB.
System memory in use after: 57.5 MB.

Unloading 5 unused Assets to reduce memory usage. Loaded Objects now: 1590.
Total: 1.910700 ms (FindLiveObjects: 0.226200 ms CreateObjectMapping: 0.090200 ms MarkObjects: 1.544000 ms  DeleteObjects: 0.049000 ms)

========================================================================
Received Prepare
Registering precompiled user dll's ...
Registered in 0.000606 seconds.
Begin MonoManager ReloadAssembly
Native extension for WindowsStandalone target not found
Native extension for WebGL target not found
Refreshing native plugins compatible for Editor in 0.23 ms, found 0 plugins.
Preloading 0 native plugins for Editor in 0.00 ms.
Invoked RoslynAnalysisRunner static constructor.
RoslynAnalysisRunner will not be running.
RoslynAnalysisRunner has terminated.
Mono: successfully reloaded assembly
- Completed reload, in  0.695 seconds
Platform modules already initialized, skipping
Refreshing native plugins compatible for Editor in 0.19 ms, found 0 plugins.
Preloading 0 native plugins for Editor in 0.00 ms.
Unloading 1115 Unused Serialized files (Serialized files now loaded: 0)
System memory in use before: 57.4 MB.
System memory in use after: 57.5 MB.

Unloading 5 unused Assets to reduce memory usage. Loaded Objects now: 1593.
Total: 1.902100 ms (FindLiveObjects: 0.262600 ms CreateObjectMapping: 0.075100 ms MarkObjects: 1.504500 ms  DeleteObjects: 0.056700 ms)

========================================================================
Received Prepare
Registering precompiled user dll's ...
Registered in 0.000710 seconds.
Begin MonoManager ReloadAssembly
Native extension for WindowsStandalone target not found
Native extension for WebGL target not found
Refreshing native plugins compatible for Editor in 0.19 ms, found 0 plugins.
Preloading 0 native plugins for Editor in 0.00 ms.
Invoked RoslynAnalysisRunner static constructor.
RoslynAnalysisRunner will not be running.
RoslynAnalysisRunner has terminated.
Mono: successfully reloaded assembly
- Completed reload, in  0.677 seconds
Platform modules already initialized, skipping
Refreshing native plugins compatible for Editor in 0.20 ms, found 0 plugins.
Preloading 0 native plugins for Editor in 0.00 ms.
Unloading 1115 Unused Serialized files (Serialized files now loaded: 0)
System memory in use before: 57.4 MB.
System memory in use after: 57.5 MB.

Unloading 5 unused Assets to reduce memory usage. Loaded Objects now: 1596.
Total: 1.642900 ms (FindLiveObjects: 0.155700 ms CreateObjectMapping: 0.036500 ms MarkObjects: 1.393000 ms  DeleteObjects: 0.056200 ms)

========================================================================
Received Import Request.
  Time since last request: 2352.969934 seconds.
  path: Assets/Level01.unity
  artifactKey: Guid(c48eb1dbbb35d394e8364b19a9c2d84c) Importer(815301076,1909f56bfc062723c751e8b465ee728b)
Start importing Assets/Level01.unity using Guid(c48eb1dbbb35d394e8364b19a9c2d84c) Importer(815301076,1909f56bfc062723c751e8b465ee728b)  -> (artifact id: '9677aeb744a82655eed948d7a0cecea8') in 0.012089 seconds
  Import took 0.014369 seconds .

========================================================================
Received Import Request.
  Time since last request: 65.017932 seconds.
  path: Assets/Level03.unity
  artifactKey: Guid(fd45a040c89665442ad1e842a1705fcb) Importer(815301076,1909f56bfc062723c751e8b465ee728b)
Start importing Assets/Level03.unity using Guid(fd45a040c89665442ad1e842a1705fcb) Importer(815301076,1909f56bfc062723c751e8b465ee728b)  -> (artifact id: '9322274856a6f78dde5fc15b79118cec') in 0.003069 seconds
  Import took 0.005481 seconds .

========================================================================
Received Prepare
Registering precompiled user dll's ...
Registered in 0.000643 seconds.
Begin MonoManager ReloadAssembly
Native extension for WindowsStandalone target not found
Native extension for WebGL target not found
Refreshing native plugins compatible for Editor in 0.21 ms, found 0 plugins.
Preloading 0 native plugins for Editor in 0.00 ms.
Invoked RoslynAnalysisRunner static constructor.
RoslynAnalysisRunner will not be running.
RoslynAnalysisRunner has terminated.
Mono: successfully reloaded assembly
- Completed reload, in  0.739 seconds
Platform modules already initialized, skipping
Refreshing native plugins compatible for Editor in 0.20 ms, found 0 plugins.
Preloading 0 native plugins for Editor in 0.00 ms.
Unloading 1116 Unused Serialized files (Serialized files now loaded: 0)
System memory in use before: 57.5 MB.
System memory in use after: 57.5 MB.

Unloading 5 unused Assets to reduce memory usage. Loaded Objects now: 1600.
Total: 1.706100 ms (FindLiveObjects: 0.143100 ms CreateObjectMapping: 0.034600 ms MarkObjects: 1.467200 ms  DeleteObjects: 0.060000 ms)

========================================================================
Received Prepare
Registering precompiled user dll's ...
Registered in 0.000661 seconds.
Begin MonoManager ReloadAssembly
Native extension for WindowsStandalone target not found
Native extension for WebGL target not found
Refreshing native plugins compatible for Editor in 2.05 ms, found 0 plugins.
Preloading 0 native plugins for Editor in 0.00 ms.
Invoked RoslynAnalysisRunner static constructor.
RoslynAnalysisRunner will not be running.
RoslynAnalysisRunner has terminated.
Mono: successfully reloaded assembly
- Completed reload, in  0.952 seconds
Platform modules already initialized, skipping
Refreshing native plugins compatible for Editor in 0.27 ms, found 0 plugins.
Preloading 0 native plugins for Editor in 0.00 ms.
Unloading 1116 Unused Serialized files (Serialized files now loaded: 0)
System memory in use before: 57.5 MB.
System memory in use after: 57.5 MB.

Unloading 5 unused Assets to reduce memory usage. Loaded Objects now: 1603.
Total: 1.793800 ms (FindLiveObjects: 0.164300 ms CreateObjectMapping: 0.055300 ms MarkObjects: 1.519900 ms  DeleteObjects: 0.052700 ms)

========================================================================
Received Prepare
Registering precompiled user dll's ...
Registered in 0.000830 seconds.
Begin MonoManager ReloadAssembly
Native extension for WindowsStandalone target not found
Native extension for WebGL target not found
Refreshing native plugins compatible for Editor in 0.23 ms, found 0 plugins.
Preloading 0 native plugins for Editor in 0.00 ms.
Invoked RoslynAnalysisRunner static constructor.
RoslynAnalysisRunner will not be running.
RoslynAnalysisRunner has terminated.
Mono: successfully reloaded assembly
- Completed reload, in  0.726 seconds
Platform modules already initialized, skipping
Refreshing native plugins compatible for Editor in 0.19 ms, found 0 plugins.
Preloading 0 native plugins for Editor in 0.00 ms.
Unloading 1116 Unused Serialized files (Serialized files now loaded: 0)
System memory in use before: 57.5 MB.
System memory in use after: 57.5 MB.

Unloading 5 unused Assets to reduce memory usage. Loaded Objects now: 1606.
Total: 1.711900 ms (FindLiveObjects: 0.146200 ms CreateObjectMapping: 0.045700 ms MarkObjects: 1.467200 ms  DeleteObjects: 0.052000 ms)

========================================================================
Received Prepare
Registering precompiled user dll's ...
Registered in 0.000687 seconds.
Begin MonoManager ReloadAssembly
Native extension for WindowsStandalone target not found
Native extension for WebGL target not found
Refreshing native plugins compatible for Editor in 0.21 ms, found 0 plugins.
Preloading 0 native plugins for Editor in 0.00 ms.
Invoked RoslynAnalysisRunner static constructor.
RoslynAnalysisRunner will not be running.
RoslynAnalysisRunner has terminated.
Mono: successfully reloaded assembly
- Completed reload, in  0.715 seconds
Platform modules already initialized, skipping
Refreshing native plugins compatible for Editor in 0.21 ms, found 0 plugins.
Preloading 0 native plugins for Editor in 0.00 ms.
Unloading 1116 Unused Serialized files (Serialized files now loaded: 0)
System memory in use before: 57.5 MB.
System memory in use after: 57.5 MB.

Unloading 5 unused Assets to reduce memory usage. Loaded Objects now: 1609.
Total: 1.849700 ms (FindLiveObjects: 0.162300 ms CreateObjectMapping: 0.052300 ms MarkObjects: 1.576800 ms  DeleteObjects: 0.057300 ms)

========================================================================
Received Prepare
Registering precompiled user dll's ...
Registered in 0.000926 seconds.
Begin MonoManager ReloadAssembly
Native extension for WindowsStandalone target not found
Native extension for WebGL target not found
Refreshing native plugins compatible for Editor in 0.19 ms, found 0 plugins.
Preloading 0 native plugins for Editor in 0.00 ms.
Invoked RoslynAnalysisRunner static constructor.
RoslynAnalysisRunner will not be running.
RoslynAnalysisRunner has terminated.
Mono: successfully reloaded assembly
- Completed reload, in  0.698 seconds
Platform modules already initialized, skipping
Refreshing native plugins compatible for Editor in 0.21 ms, found 0 plugins.
Preloading 0 native plugins for Editor in 0.00 ms.
Unloading 1116 Unused Serialized files (Serialized files now loaded: 0)
System memory in use before: 57.5 MB.
System memory in use after: 57.5 MB.

Unloading 5 unused Assets to reduce memory usage. Loaded Objects now: 1612.
Total: 2.268500 ms (FindLiveObjects: 0.190000 ms CreateObjectMapping: 0.081400 ms MarkObjects: 1.939400 ms  DeleteObjects: 0.055800 ms)

========================================================================
Received Prepare
Registering precompiled user dll's ...
Registered in 0.000617 seconds.
Begin MonoManager ReloadAssembly
Native extension for WindowsStandalone target not found
Native extension for WebGL target not found
Refreshing native plugins compatible for Editor in 0.30 ms, found 0 plugins.
Preloading 0 native plugins for Editor in 0.00 ms.
Invoked RoslynAnalysisRunner static constructor.
RoslynAnalysisRunner will not be running.
RoslynAnalysisRunner has terminated.
Mono: successfully reloaded assembly
- Completed reload, in  0.730 seconds
Platform modules already initialized, skipping
Refreshing native plugins compatible for Editor in 0.20 ms, found 0 plugins.
Preloading 0 native plugins for Editor in 0.00 ms.
Unloading 1116 Unused Serialized files (Serialized files now loaded: 0)
System memory in use before: 57.5 MB.
System memory in use after: 57.6 MB.

Unloading 5 unused Assets to reduce memory usage. Loaded Objects now: 1615.
Total: 1.877300 ms (FindLiveObjects: 0.174100 ms CreateObjectMapping: 0.054700 ms MarkObjects: 1.590600 ms  DeleteObjects: 0.056500 ms)

========================================================================
Received Import Request.
  Time since last request: 1790.088548 seconds.
  path: Assets/Credits.unity
  artifactKey: Guid(162a3e44d97d34d489f554b7fe1b711b) Importer(815301076,1909f56bfc062723c751e8b465ee728b)
Start importing Assets/Credits.unity using Guid(162a3e44d97d34d489f554b7fe1b711b) Importer(815301076,1909f56bfc062723c751e8b465ee728b)  -> (artifact id: '97f405e158cf7498c9a4aab0da183f1e') in 0.018960 seconds
  Import took 0.021021 seconds .

========================================================================
Received Import Request.
  Time since last request: 1.254986 seconds.
  path: Assets/Credits 1.unity
  artifactKey: Guid(3c14d21ce90ecce438ac09c803f83c7f) Importer(815301076,1909f56bfc062723c751e8b465ee728b)
Start importing Assets/Credits 1.unity using Guid(3c14d21ce90ecce438ac09c803f83c7f) Importer(815301076,1909f56bfc062723c751e8b465ee728b)  -> (artifact id: 'bb8bc34a5fce343c0c6ef8ceb098840b') in 0.008003 seconds
  Import took 0.010006 seconds .

========================================================================
Received Import Request.
  Time since last request: 6.585545 seconds.
  path: Assets/Menu.unity
  artifactKey: Guid(3c14d21ce90ecce438ac09c803f83c7f) Importer(815301076,1909f56bfc062723c751e8b465ee728b)
Start importing Assets/Menu.unity using Guid(3c14d21ce90ecce438ac09c803f83c7f) Importer(815301076,1909f56bfc062723c751e8b465ee728b)  -> (artifact id: 'e9500882dbdf8827545f4177ce80360c') in 0.008938 seconds
  Import took 0.010910 seconds .

========================================================================
Received Prepare
Registering precompiled user dll's ...
Registered in 0.000661 seconds.
Begin MonoManager ReloadAssembly
Native extension for WindowsStandalone target not found
Native extension for WebGL target not found
Refreshing native plugins compatible for Editor in 0.23 ms, found 0 plugins.
Preloading 0 native plugins for Editor in 0.00 ms.
Invoked RoslynAnalysisRunner static constructor.
RoslynAnalysisRunner will not be running.
RoslynAnalysisRunner has terminated.
Mono: successfully reloaded assembly
- Completed reload, in  0.731 seconds
Platform modules already initialized, skipping
Refreshing native plugins compatible for Editor in 0.20 ms, found 0 plugins.
Preloading 0 native plugins for Editor in 0.00 ms.
Unloading 1117 Unused Serialized files (Serialized files now loaded: 0)
System memory in use before: 57.5 MB.
System memory in use after: 57.6 MB.

Unloading 5 unused Assets to reduce memory usage. Loaded Objects now: 1619.
Total: 1.628200 ms (FindLiveObjects: 0.117600 ms CreateObjectMapping: 0.033100 ms MarkObjects: 1.341100 ms  DeleteObjects: 0.135500 ms)

========================================================================
Received Prepare
Registering precompiled user dll's ...
Registered in 0.000648 seconds.
Begin MonoManager ReloadAssembly
Native extension for WindowsStandalone target not found
Native extension for WebGL target not found
Refreshing native plugins compatible for Editor in 0.57 ms, found 0 plugins.
Preloading 0 native plugins for Editor in 0.00 ms.
Invoked RoslynAnalysisRunner static constructor.
RoslynAnalysisRunner will not be running.
RoslynAnalysisRunner has terminated.
Mono: successfully reloaded assembly
- Completed reload, in  0.721 seconds
Platform modules already initialized, skipping
Refreshing native plugins compatible for Editor in 0.20 ms, found 0 plugins.
Preloading 0 native plugins for Editor in 0.00 ms.
Unloading 1117 Unused Serialized files (Serialized files now loaded: 0)
System memory in use before: 57.5 MB.
System memory in use after: 57.6 MB.

Unloading 5 unused Assets to reduce memory usage. Loaded Objects now: 1622.
Total: 2.029100 ms (FindLiveObjects: 0.228500 ms CreateObjectMapping: 0.057900 ms MarkObjects: 1.692400 ms  DeleteObjects: 0.049000 ms)

========================================================================
Received Import Request.
  Time since last request: 768.054642 seconds.
  path: Assets/Menu.cs
  artifactKey: Guid(999bb5ff5beff344d8f6f80c9724c45a) Importer(815301076,1909f56bfc062723c751e8b465ee728b)
Start importing Assets/Menu.cs using Guid(999bb5ff5beff344d8f6f80c9724c45a) Importer(815301076,1909f56bfc062723c751e8b465ee728b)  -> (artifact id: '9bb23a5de5463d556ebfbbd3ed1fa58e') in 0.139483 seconds
  Import took 0.141319 seconds .

========================================================================
Received Prepare
Registering precompiled user dll's ...
Registered in 0.000632 seconds.
Begin MonoManager ReloadAssembly
Native extension for WindowsStandalone target not found
Native extension for WebGL target not found
Refreshing native plugins compatible for Editor in 0.50 ms, found 0 plugins.
Preloading 0 native plugins for Editor in 0.00 ms.
Invoked RoslynAnalysisRunner static constructor.
RoslynAnalysisRunner will not be running.
RoslynAnalysisRunner has terminated.
Mono: successfully reloaded assembly
- Completed reload, in  1.070 seconds
Platform modules already initialized, skipping
Refreshing native plugins compatible for Editor in 0.43 ms, found 0 plugins.
Preloading 0 native plugins for Editor in 0.00 ms.
Unloading 1117 Unused Serialized files (Serialized files now loaded: 0)
System memory in use before: 57.5 MB.
System memory in use after: 57.6 MB.

Unloading 5 unused Assets to reduce memory usage. Loaded Objects now: 1625.
Total: 1.611100 ms (FindLiveObjects: 0.145400 ms CreateObjectMapping: 0.037900 ms MarkObjects: 1.376000 ms  DeleteObjects: 0.050800 ms)

========================================================================
Received Prepare
Registering precompiled user dll's ...
Registered in 0.000723 seconds.
Begin MonoManager ReloadAssembly
Native extension for WindowsStandalone target not found
Native extension for WebGL target not found
Refreshing native plugins compatible for Editor in 0.20 ms, found 0 plugins.
Preloading 0 native plugins for Editor in 0.00 ms.
Invoked RoslynAnalysisRunner static constructor.
RoslynAnalysisRunner will not be running.
RoslynAnalysisRunner has terminated.
Mono: successfully reloaded assembly
- Completed reload, in  0.675 seconds
Platform modules already initialized, skipping
Refreshing native plugins compatible for Editor in 0.20 ms, found 0 plugins.
Preloading 0 native plugins for Editor in 0.00 ms.
Unloading 1117 Unused Serialized files (Serialized files now loaded: 0)
System memory in use before: 57.5 MB.
System memory in use after: 57.6 MB.

Unloading 5 unused Assets to reduce memory usage. Loaded Objects now: 1628.
Total: 1.799700 ms (FindLiveObjects: 0.164800 ms CreateObjectMapping: 0.043800 ms MarkObjects: 1.533500 ms  DeleteObjects: 0.056100 ms)

========================================================================
Received Import Request.
  Time since last request: 1541.508979 seconds.
  path: Assets/icon.png
  artifactKey: Guid(96880308f47214d419ea8bcf238056a5) Importer(815301076,1909f56bfc062723c751e8b465ee728b)
Start importing Assets/icon.png using Guid(96880308f47214d419ea8bcf238056a5) Importer(815301076,1909f56bfc062723c751e8b465ee728b)  -> (artifact id: 'fa2f2c21bf3155fd19a6b22bd3f01a0a') in 0.060403 seconds
  Import took 0.062637 seconds .

========================================================================
Received Import Request.
  Time since last request: 9.101893 seconds.
  path: Assets/icon
  artifactKey: Guid(f0a990a25c1afc0449b66a29f1f3e894) Importer(815301076,1909f56bfc062723c751e8b465ee728b)
Start importing Assets/icon using Guid(f0a990a25c1afc0449b66a29f1f3e894) Importer(815301076,1909f56bfc062723c751e8b465ee728b)  -> (artifact id: 'a5d7fe361a8303c37599bfa57eacfbaa') in 0.002354 seconds
  Import took 0.004140 seconds .

========================================================================
Received Import Request.
  Time since last request: 10.664731 seconds.
  path: Assets/Icon
  artifactKey: Guid(f0a990a25c1afc0449b66a29f1f3e894) Importer(815301076,1909f56bfc062723c751e8b465ee728b)
Start importing Assets/Icon using Guid(f0a990a25c1afc0449b66a29f1f3e894) Importer(815301076,1909f56bfc062723c751e8b465ee728b)  -> (artifact id: 'f5293c8288f242871ca24b42417bdbb7') in 0.007935 seconds
  Import took 0.010229 seconds .

========================================================================
Received Import Request.
  Time since last request: 72.383765 seconds.
  path: Assets/Icon/icon 1.png
  artifactKey: Guid(ee94c3eee5d14a345bd25e6990eb71d0) Importer(815301076,1909f56bfc062723c751e8b465ee728b)
Start importing Assets/Icon/icon 1.png using Guid(ee94c3eee5d14a345bd25e6990eb71d0) Importer(815301076,1909f56bfc062723c751e8b465ee728b)  -> (artifact id: '7d60680c1d60bebae9a3cbc31161956d') in 0.026953 seconds
  Import took 0.028973 seconds .

========================================================================
Received Import Request.
  Time since last request: 0.001775 seconds.
  path: Assets/Icon/icon 1.png
  artifactKey: Guid(ee94c3eee5d14a345bd25e6990eb71d0) Importer(815301076,1909f56bfc062723c751e8b465ee728b)
Start importing Assets/Icon/icon 1.png using Guid(ee94c3eee5d14a345bd25e6990eb71d0) Importer(815301076,1909f56bfc062723c751e8b465ee728b)  -> (artifact id: '7d60680c1d60bebae9a3cbc31161956d') in 0.007753 seconds
  Import took 0.009950 seconds .

========================================================================
Received Import Request.
  Time since last request: 13.234032 seconds.
  path: Assets/Icon/Icon.png
  artifactKey: Guid(ee94c3eee5d14a345bd25e6990eb71d0) Importer(815301076,1909f56bfc062723c751e8b465ee728b)
Start importing Assets/Icon/Icon.png using Guid(ee94c3eee5d14a345bd25e6990eb71d0) Importer(815301076,1909f56bfc062723c751e8b465ee728b)  -> (artifact id: '82efdcae0787389fced5595e4240ec7e') in 0.008458 seconds
  Import took 0.010601 seconds .

========================================================================
Received Import Request.
  Time since last request: 0.008599 seconds.
  path: Assets/Icon/Icon.png
  artifactKey: Guid(ee94c3eee5d14a345bd25e6990eb71d0) Importer(815301076,1909f56bfc062723c751e8b465ee728b)
Start importing Assets/Icon/Icon.png using Guid(ee94c3eee5d14a345bd25e6990eb71d0) Importer(815301076,1909f56bfc062723c751e8b465ee728b)  -> (artifact id: '82efdcae0787389fced5595e4240ec7e') in 0.013090 seconds
  Import took 0.015012 seconds .

========================================================================
Received Import Request.
  Time since last request: 961.341811 seconds.
  path: Assets/Icon/icon.png
  artifactKey: Guid(ee94c3eee5d14a345bd25e6990eb71d0) Importer(815301076,1909f56bfc062723c751e8b465ee728b)
Start importing Assets/Icon/icon.png using Guid(ee94c3eee5d14a345bd25e6990eb71d0) Importer(815301076,1909f56bfc062723c751e8b465ee728b)  -> (artifact id: '78ce552f31ee4d3872e33bfcb818106d') in 0.023509 seconds
  Import took 0.025748 seconds .

========================================================================
Received Prepare
Refreshing native plugins compatible for Editor in 0.69 ms, found 0 plugins.
Preloading 0 native plugins for Editor in 0.00 ms.
Unloading 3 Unused Serialized files (Serialized files now loaded: 0)
System memory in use before: 35.5 MB.
System memory in use after: 35.6 MB.

Unloading 3 unused Assets to reduce memory usage. Loaded Objects now: 1631.
Total: 2.883100 ms (FindLiveObjects: 0.414600 ms CreateObjectMapping: 0.136200 ms MarkObjects: 2.263200 ms  DeleteObjects: 0.067700 ms)

AssetImportWorkerClient::OnTransportError - code=2 error=End of file
